{
  "stats": {
    "suites": 1,
    "tests": 1,
    "passes": 1,
    "pending": 0,
    "failures": 0,
    "start": "2024-06-03T09:32:49.254Z",
    "end": "2024-06-03T09:33:14.382Z",
    "duration": 25128,
    "testsRegistered": 1,
    "passPercent": 100,
    "pendingPercent": 0,
    "other": 0,
    "hasOther": false,
    "skipped": 0,
    "hasSkipped": false
  },
  "results": [
    {
      "uuid": "c24d7daa-7d79-4b17-958e-5f870e9571e4",
      "title": "",
      "fullFile": "cypress/e2e/E_CommerceWebsite_Q1/buyItem.feature",
      "file": "cypress/e2e/E_CommerceWebsite_Q1/buyItem.feature",
      "beforeHooks": [],
      "afterHooks": [],
      "tests": [],
      "suites": [
        {
          "uuid": "7cd20aba-17c6-4f14-9914-2f22fad754e0",
          "title": "Buy items on e-commerce webiste",
          "fullFile": "",
          "file": "",
          "beforeHooks": [],
          "afterHooks": [],
          "tests": [
            {
              "title": "Login and add products to cart (example #1)",
              "fullTitle": "Buy items on e-commerce webiste Login and add products to cart (example #1)",
              "timedOut": null,
              "duration": 22542,
              "state": "passed",
              "speed": "slow",
              "pass": true,
              "fail": false,
              "pending": false,
              "context": null,
              "code": "const state = window.testState;\nreturn cy\n  .then(() => state.onStartScenario(scenario, indexedSteps))\n  .then(() =>\n    resolveAndRunBeforeHooks.call(this, scenario.tags, state.feature.name)\n  )\n  .then(() =>\n    indexedSteps.forEach((step) =>\n      stepTest.call(this, state, step, rowData)\n    )\n  )\n  .then(() => state.onFinishScenario(scenario));",
              "err": {},
              "uuid": "73d5127c-8340-4dc2-8c27-f5635d413598",
              "parentUUID": "7cd20aba-17c6-4f14-9914-2f22fad754e0",
              "isHook": false,
              "skipped": false
            }
          ],
          "suites": [],
          "passes": [
            "73d5127c-8340-4dc2-8c27-f5635d413598"
          ],
          "failures": [],
          "pending": [],
          "skipped": [],
          "duration": 22542,
          "root": false,
          "rootEmpty": false,
          "_timeout": 2000
        }
      ],
      "passes": [],
      "failures": [],
      "pending": [],
      "skipped": [],
      "duration": 0,
      "root": true,
      "rootEmpty": true,
      "_timeout": 2000
    }
  ],
  "meta": {
    "mocha": {
      "version": "7.0.1"
    },
    "mochawesome": {
      "options": {
        "quiet": false,
        "reportFilename": "mochawesome",
        "saveHtml": true,
        "saveJson": true,
        "consoleReporter": "spec",
        "useInlineDiffs": false,
        "code": true
      },
      "version": "7.1.3"
    },
    "marge": {
      "options": {
        "configFile": "reporter-config.json"
      },
      "version": "6.2.0"
    }
  }
}